# JRE version: OpenJDK Runtime Environment Temurin-21.0.4+7 (21.0.4+7) (build 21.0.4+7-LTS)
# Java VM: OpenJDK 64-Bit Server VM Temurin-21.0.4+7 (21.0.4+7-LTS, mixed mode, emulated-client, tiered, compressed oops, compressed class ptrs, g1 gc, windows-amd64)
GC Precious Log:
 CardTable entry size: 512
 Card Set container configuration: InlinePtr #cards 4 size 8 Array Of Cards #cards 32 size 80 Howl #buckets 8 coarsen threshold 7372 Howl Bitmap #cards 1024 size 144 coarsen threshold 921 Card regions per heap region 1 cards per card region 8192
 CPUs: 8 total, 8 available
 Memory: 32471M
 Large Page Support: Disabled
 NUMA Support: Disabled
 Compressed Oops: Enabled (Zero based)
 Heap Region Size: 4M
 Heap Min Capacity: 8M
 Heap Initial Capacity: 508M
 Heap Max Capacity: 8120M
 Pre-touch: Disabled
 Parallel Workers: 8
 Concurrent Workers: 2
 Concurrent Refinement Workers: 8
 Periodic GC: Disabled
Heap:
 garbage-first heap   total 81920K, used 52686K [0x0000000604800000, 0x0000000800000000)
  region size 4096K, 7 young (28672K), 1 survivors (4096K)
 Metaspace       used 91092K, committed 91840K, reserved 1179648K
  class space    used 12010K, committed 12352K, reserved 1048576K
GC Heap History (20 events):
Event: 1271.317 GC heap before
{Heap before GC invocations=40 (full 5):
 garbage-first heap   total 81920K, used 61280K [0x0000000604800000, 0x0000000800000000)
  region size 4096K, 9 young (36864K), 0 survivors (0K)
 Metaspace       used 90160K, committed 90944K, reserved 1179648K
  class space    used 11933K, committed 12288K, reserved 1048576K
}
Event: 1271.319 GC heap after
{Heap after GC invocations=41 (full 5):
 garbage-first heap   total 81920K, used 31956K [0x0000000604800000, 0x0000000800000000)
  region size 4096K, 1 young (4096K), 1 survivors (4096K)
 Metaspace       used 90160K, committed 90944K, reserved 1179648K
  class space    used 11933K, committed 12288K, reserved 1048576K
}
Event: 1272.124 GC heap before
{Heap before GC invocations=42 (full 5):
 garbage-first heap   total 81920K, used 64724K [0x0000000604800000, 0x0000000800000000)
  region size 4096K, 9 young (36864K), 1 survivors (4096K)
 Metaspace       used 90277K, committed 91008K, reserved 1179648K
  class space    used 11929K, committed 12288K, reserved 1048576K
}
Event: 1272.127 GC heap after
{Heap after GC invocations=43 (full 5):
 garbage-first heap   total 81920K, used 35201K [0x0000000604800000, 0x0000000800000000)
  region size 4096K, 2 young (8192K), 2 survivors (8192K)
 Metaspace       used 90277K, committed 91008K, reserved 1179648K
  class space    used 11929K, committed 12288K, reserved 1048576K
}
Event: 1405.822 GC heap before
{Heap before GC invocations=43 (full 5):
 garbage-first heap   total 81920K, used 59777K [0x0000000604800000, 0x0000000800000000)
  region size 4096K, 9 young (36864K), 2 survivors (8192K)
 Metaspace       used 90415K, committed 91136K, reserved 1179648K
  class space    used 11955K, committed 12288K, reserved 1048576K
}
Event: 1405.876 GC heap after
{Heap after GC invocations=44 (full 6):
 garbage-first heap   total 81920K, used 30463K [0x0000000604800000, 0x0000000800000000)
  region size 4096K, 0 young (0K), 0 survivors (0K)
 Metaspace       used 90409K, committed 91136K, reserved 1179648K
  class space    used 11954K, committed 12288K, reserved 1048576K
}
Event: 1406.221 GC heap before
{Heap before GC invocations=44 (full 6):
 garbage-first heap   total 81920K, used 63231K [0x0000000604800000, 0x0000000800000000)
  region size 4096K, 9 young (36864K), 0 survivors (0K)
 Metaspace       used 90459K, committed 91200K, reserved 1179648K
  class space    used 11961K, committed 12288K, reserved 1048576K
}
Event: 1406.223 GC heap after
{Heap after GC invocations=45 (full 6):
 garbage-first heap   total 81920K, used 33999K [0x0000000604800000, 0x0000000800000000)
  region size 4096K, 1 young (4096K), 1 survivors (4096K)
 Metaspace       used 90459K, committed 91200K, reserved 1179648K
  class space    used 11961K, committed 12288K, reserved 1048576K
}
Event: 1406.705 GC heap before
{Heap before GC invocations=46 (full 6):
 garbage-first heap   total 81920K, used 66767K [0x0000000604800000, 0x0000000800000000)
  region size 4096K, 9 young (36864K), 1 survivors (4096K)
 Metaspace       used 90604K, committed 91328K, reserved 1179648K
  class space    used 11966K, committed 12288K, reserved 1048576K
}
Event: 1406.708 GC heap after
{Heap after GC invocations=47 (full 6):
 garbage-first heap   total 81920K, used 37283K [0x0000000604800000, 0x0000000800000000)
  region size 4096K, 2 young (8192K), 2 survivors (8192K)
 Metaspace       used 90604K, committed 91328K, reserved 1179648K
  class space    used 11966K, committed 12288K, reserved 1048576K
}
Event: 1580.964 GC heap before
{Heap before GC invocations=47 (full 6):
 garbage-first heap   total 81920K, used 61859K [0x0000000604800000, 0x0000000800000000)
  region size 4096K, 9 young (36864K), 2 survivors (8192K)
 Metaspace       used 90707K, committed 91520K, reserved 1179648K
  class space    used 11985K, committed 12352K, reserved 1048576K
}
Event: 1581.011 GC heap after
{Heap after GC invocations=48 (full 7):
 garbage-first heap   total 81920K, used 30623K [0x0000000604800000, 0x0000000800000000)
  region size 4096K, 0 young (0K), 0 survivors (0K)
 Metaspace       used 90697K, committed 91520K, reserved 1179648K
  class space    used 11983K, committed 12352K, reserved 1048576K
}
Event: 1581.344 GC heap before
{Heap before GC invocations=48 (full 7):
 garbage-first heap   total 81920K, used 59295K [0x0000000604800000, 0x0000000800000000)
  region size 4096K, 8 young (32768K), 0 survivors (0K)
 Metaspace       used 90740K, committed 91520K, reserved 1179648K
  class space    used 11990K, committed 12352K, reserved 1048576K
}
Event: 1581.346 GC heap after
{Heap after GC invocations=49 (full 7):
 garbage-first heap   total 81920K, used 34096K [0x0000000604800000, 0x0000000800000000)
  region size 4096K, 1 young (4096K), 1 survivors (4096K)
 Metaspace       used 90740K, committed 91520K, reserved 1179648K
  class space    used 11990K, committed 12352K, reserved 1048576K
}
Event: 1582.151 GC heap before
{Heap before GC invocations=50 (full 7):
 garbage-first heap   total 81920K, used 62768K [0x0000000604800000, 0x0000000800000000)
  region size 4096K, 8 young (32768K), 1 survivors (4096K)
 Metaspace       used 90880K, committed 91648K, reserved 1179648K
  class space    used 11993K, committed 12352K, reserved 1048576K
}
Event: 1582.153 GC heap after
{Heap after GC invocations=51 (full 7):
 garbage-first heap   total 81920K, used 36537K [0x0000000604800000, 0x0000000800000000)
  region size 4096K, 1 young (4096K), 1 survivors (4096K)
 Metaspace       used 90880K, committed 91648K, reserved 1179648K
  class space    used 11993K, committed 12352K, reserved 1048576K
}
Event: 1735.521 GC heap before
{Heap before GC invocations=51 (full 7):
 garbage-first heap   total 81920K, used 57017K [0x0000000604800000, 0x0000000800000000)
  region size 4096K, 7 young (28672K), 1 survivors (4096K)
 Metaspace       used 90924K, committed 91712K, reserved 1179648K
  class space    used 12001K, committed 12352K, reserved 1048576K
}
Event: 1735.578 GC heap after
{Heap after GC invocations=52 (full 8):
 garbage-first heap   total 81920K, used 28806K [0x0000000604800000, 0x0000000800000000)
  region size 4096K, 0 young (0K), 0 survivors (0K)
 Metaspace       used 90914K, committed 91712K, reserved 1179648K
  class space    used 11998K, committed 12352K, reserved 1048576K
}
Event: 1735.897 GC heap before
{Heap before GC invocations=52 (full 8):
 garbage-first heap   total 81920K, used 61574K [0x0000000604800000, 0x0000000800000000)
  region size 4096K, 9 young (36864K), 0 survivors (0K)
 Metaspace       used 90958K, committed 91712K, reserved 1179648K
  class space    used 12005K, committed 12352K, reserved 1048576K
}
Event: 1735.900 GC heap after
{Heap after GC invocations=53 (full 8):
 garbage-first heap   total 81920K, used 32206K [0x0000000604800000, 0x0000000800000000)
  region size 4096K, 1 young (4096K), 1 survivors (4096K)
 Metaspace       used 90958K, committed 91712K, reserved 1179648K
  class space    used 12005K, committed 12352K, reserved 1048576K
}

